<?xml version="1.0" encoding="UTF-8"?>
<!-- Generated by org.testng.reporters.JUnitReportReporter -->
<testsuite hostname="LAPTOP-V3EMUFAV" name="testNG.GroupsTest" tests="9" failures="0" timestamp="23 Jul 2016 23:10:05 GMT" time="0.009" errors="0">
  <testcase name="Alto" time="0.002" classname="testNG.GroupsTest"/>
  <testcase name="HondaCity" time="0.001" classname="testNG.GroupsTest"/>
  <testcase name="AUDIA4" time="0.001" classname="testNG.GroupsTest"/>
  <testcase name="BMWX5" time="0.001" classname="testNG.GroupsTest"/>
  <testcase name="MarutiSwift" time="0.001" classname="testNG.GroupsTest"/>
  <testcase name="BMWX6" time="0.001" classname="testNG.GroupsTest"/>
  <testcase name="BMW328i" time="0.001" classname="testNG.GroupsTest"/>
  <testcase name="AUDIA6" time="0.001" classname="testNG.GroupsTest"/>
  <testcase name="AUDIQ7" time="0.000" classname="testNG.GroupsTest"/>
</testsuite> <!-- testNG.GroupsTest -->
