<?xml version="1.0" encoding="UTF-8"?>
<!-- Generated by org.testng.reporters.JUnitReportReporter -->
<testsuite hostname="LAPTOP-V3EMUFAV" name="testNG.DataProviderTest" tests="3" failures="0" timestamp="26 Jul 2016 15:24:37 GMT" time="0.012" errors="0">
  <testcase name="empData" time="0.010" classname="testNG.DataProviderTest"/>
  <testcase name="empData" time="0.001" classname="testNG.DataProviderTest"/>
  <testcase name="empData" time="0.001" classname="testNG.DataProviderTest"/>
</testsuite> <!-- testNG.DataProviderTest -->
