<?xml version="1.0" encoding="UTF-8"?>
<!-- Generated by org.testng.reporters.JUnitReportReporter -->
<testsuite hostname="LAPTOP-V3EMUFAV" name="testNG.DependsOnMethodTest" tests="2" failures="0" timestamp="23 Jul 2016 23:10:05 GMT" time="0.002" errors="0">
  <testcase name="login" time="0.001" classname="testNG.DependsOnMethodTest"/>
  <testcase name="registration" time="0.001" classname="testNG.DependsOnMethodTest"/>
</testsuite> <!-- testNG.DependsOnMethodTest -->
