<?xml version="1.0" encoding="UTF-8"?>
<!-- Generated by org.testng.reporters.JUnitReportReporter -->
<testsuite hostname="LAPTOP-V3EMUFAV" name="testNG.TestNGParameterization" tests="2" failures="0" timestamp="24 Jul 2016 02:33:06 GMT" time="0.006" errors="0">
  <testcase name="Employee" time="0.001" classname="testNG.TestNGParameterization"/>
  <testcase name="Employee" time="0.005" classname="testNG.TestNGParameterization"/>
</testsuite> <!-- testNG.TestNGParameterization -->
