<?xml version="1.0" encoding="UTF-8"?>
<!-- Generated by org.testng.reporters.JUnitReportReporter -->
<testsuite hostname="LAPTOP-V3EMUFAV" name="testNG.FirstTest" tests="4" failures="0" timestamp="23 Jul 2016 23:10:05 GMT" time="0.007" errors="0">
  <testcase name="f" time="0.004" classname="testNG.FirstTest"/>
  <testcase name="f" time="0.001" classname="testNG.FirstTest"/>
  <testcase name="a" time="0.001" classname="testNG.FirstTest"/>
  <testcase name="a" time="0.001" classname="testNG.FirstTest"/>
</testsuite> <!-- testNG.FirstTest -->
