<?xml version="1.0" encoding="UTF-8"?>
<!-- Generated by org.testng.reporters.JUnitReportReporter -->
<testsuite hostname="LAPTOP-V3EMUFAV" name="testNG.FacebookAccount" tests="8" failures="0" timestamp="27 Jul 2016 05:36:52 GMT" time="17.544" errors="0">
  <testcase name="firstNameEnter" time="2.125" classname="testNG.FacebookAccount"/>
  <testcase name="lastNameEnter" time="2.120" classname="testNG.FacebookAccount"/>
  <testcase name="passwordEnter" time="2.103" classname="testNG.FacebookAccount"/>
  <testcase name="signUp" time="2.203" classname="testNG.FacebookAccount"/>
  <testcase name="reEmailEnter" time="2.142" classname="testNG.FacebookAccount"/>
  <testcase name="emailEnter" time="2.136" classname="testNG.FacebookAccount"/>
  <testcase name="birthday" time="2.531" classname="testNG.FacebookAccount"/>
  <testcase name="genderClick" time="2.184" classname="testNG.FacebookAccount"/>
</testsuite> <!-- testNG.FacebookAccount -->
