<?xml version="1.0" encoding="UTF-8"?>
<!-- Generated by org.testng.reporters.JUnitReportReporter -->
<testsuite hostname="LAPTOP-V3EMUFAV" name="testNG.GmailTest" tests="1" failures="0" timestamp="26 Jul 2016 19:08:18 GMT" time="2.281" errors="0">
  <testcase name="email" time="2.281" classname="testNG.GmailTest"/>
</testsuite> <!-- testNG.GmailTest -->
