<?xml version="1.0" encoding="UTF-8"?>
<!-- Generated by org.testng.reporters.JUnitReportReporter -->
<testsuite hostname="LAPTOP-V3EMUFAV" name="testNG.AmazonAccountCreate" tests="4" failures="0" timestamp="26 Jul 2016 19:09:14 GMT" time="18.571" errors="0">
  <testcase name="logoutAccount" time="0.123" classname="testNG.AmazonAccountCreate"/>
  <testcase name="createAccount" time="10.617" classname="testNG.AmazonAccountCreate"/>
  <testcase name="signIn" time="5.212" classname="testNG.AmazonAccountCreate"/>
  <testcase name="logout" time="2.619" classname="testNG.AmazonAccountCreate"/>
</testsuite> <!-- testNG.AmazonAccountCreate -->
