<?xml version="1.0" encoding="UTF-8"?>
<!-- Generated by org.testng.reporters.JUnitReportReporter -->
<testsuite hostname="LAPTOP-V3EMUFAV" name="testNG.SecondTest" tests="1" failures="0" timestamp="23 Jul 2016 23:10:05 GMT" time="0.001" errors="0">
  <testcase name="f" time="0.001" classname="testNG.SecondTest"/>
</testsuite> <!-- testNG.SecondTest -->
